<?xml version="1.0" encoding="UTF-8"?>
<robot generator="Robot 7.3.2 (Python 3.13.0 on win32)" generated="2025-10-21T14:07:06.178813" rpa="false" schemaversion="5">
<suite id="s1" name="Projekti" source="c:\ohjelmistotestaus_Projekti\projekti.robot">
<test id="s1-t1" name="Open browser and search services kohta 2" line="40">
<kw name="Open Browser" owner="SeleniumLibrary">
<msg time="2025-10-21T14:07:06.985534" level="INFO">Opening browser 'Chrome' to base url 'http://hamk.fi'.</msg>
<arg>http://hamk.fi</arg>
<arg>Chrome</arg>
<arg>options=add_experimental_option("detach", True)</arg>
<doc>Opens a new browser instance to the optional ``url``.</doc>
<status status="PASS" start="2025-10-21T14:07:06.984362" elapsed="4.405257"/>
</kw>
<kw name="Maximize Browser Window" owner="SeleniumLibrary">
<doc>Maximizes current browser window.</doc>
<status status="PASS" start="2025-10-21T14:07:11.391065" elapsed="0.119329"/>
</kw>
<kw name="Sleep" owner="BuiltIn">
<msg time="2025-10-21T14:07:14.514383" level="INFO">Slept 3 seconds.</msg>
<arg>3</arg>
<doc>Pauses the test executed for the given time.</doc>
<status status="PASS" start="2025-10-21T14:07:11.513494" elapsed="3.001524"/>
</kw>
<kw name="Click Button" owner="SeleniumLibrary">
<msg time="2025-10-21T14:07:14.517394" level="INFO">Clicking button 'id:CybotCookiebotDialogBodyLevelButtonLevelOptinAllowAll'.</msg>
<arg>id:CybotCookiebotDialogBodyLevelButtonLevelOptinAllowAll</arg>
<doc>Clicks the button identified by ``locator``.</doc>
<status status="PASS" start="2025-10-21T14:07:14.516506" elapsed="0.090032"/>
</kw>
<kw name="Click Button" owner="SeleniumLibrary">
<msg time="2025-10-21T14:07:14.607590" level="INFO">Clicking button 'xpath:/html/body/header/div/div/div/div[2]/div[1]/button'.</msg>
<arg>xpath:/html/body/header/div/div/div/div[2]/div[1]/button</arg>
<doc>Clicks the button identified by ``locator``.</doc>
<status status="PASS" start="2025-10-21T14:07:14.607138" elapsed="0.181229"/>
</kw>
<kw name="Click Element" owner="SeleniumLibrary">
<msg time="2025-10-21T14:07:14.789404" level="INFO">Clicking element 'id:site-search-input'.</msg>
<arg>id:site-search-input</arg>
<doc>Click the element identified by ``locator``.</doc>
<status status="PASS" start="2025-10-21T14:07:14.788952" elapsed="0.167170"/>
</kw>
<kw name="Input Text" owner="SeleniumLibrary">
<msg time="2025-10-21T14:07:14.959981" level="INFO">Typing text 'services' into text field 'id:site-search-input'.</msg>
<arg>id:site-search-input</arg>
<arg>services</arg>
<doc>Types the given ``text`` into the text field identified by ``locator``.</doc>
<status status="PASS" start="2025-10-21T14:07:14.959159" elapsed="0.126963"/>
</kw>
<kw name="Sleep" owner="BuiltIn">
<msg time="2025-10-21T14:07:19.090363" level="INFO">Slept 4 seconds.</msg>
<arg>4</arg>
<doc>Pauses the test executed for the given time.</doc>
<status status="PASS" start="2025-10-21T14:07:15.088472" elapsed="4.002434"/>
</kw>
<kw name="Get Text" owner="SeleniumLibrary">
<msg time="2025-10-21T14:07:19.117993" level="INFO">${otsikko} = Markku Mikkonen</msg>
<var>${otsikko}</var>
<arg>xpath:/html/body/div[3]/div[2]/div/div/div/div[2]/article[1]/div/h3</arg>
<doc>Returns the text value of the element identified by ``locator``.</doc>
<status status="PASS" start="2025-10-21T14:07:19.091671" elapsed="0.026652"/>
</kw>
<kw name="Log" owner="BuiltIn">
<msg time="2025-10-21T14:07:19.119344" level="INFO">Markku Mikkonen</msg>
<arg>${otsikko}</arg>
<doc>Logs the given message with the given level.</doc>
<status status="PASS" start="2025-10-21T14:07:19.119078" elapsed="0.000454"/>
</kw>
<kw name="Click Element" owner="SeleniumLibrary">
<msg time="2025-10-21T14:07:19.120464" level="INFO">Clicking element 'xpath:/html/body/div[3]/div[2]/div/div/div/div[2]/article[1]/div/h3'.</msg>
<arg>xpath:/html/body/div[3]/div[2]/div/div/div/div[2]/article[1]/div/h3</arg>
<doc>Click the element identified by ``locator``.</doc>
<status status="PASS" start="2025-10-21T14:07:19.120126" elapsed="1.075464"/>
</kw>
<kw name="Sleep" owner="BuiltIn">
<msg time="2025-10-21T14:07:23.199450" level="INFO">Slept 3 seconds.</msg>
<arg>3</arg>
<doc>Pauses the test executed for the given time.</doc>
<status status="PASS" start="2025-10-21T14:07:20.197956" elapsed="3.001751"/>
</kw>
<kw name="Element Text Should Be" owner="SeleniumLibrary">
<msg time="2025-10-21T14:07:23.200693" level="INFO">Verifying element 'xpath:/html/body/main/article/div[2]/div[2]/p[1]' contains exact text 'Markku Mikkonen'.</msg>
<arg>xpath:/html/body/main/article/div[2]/div[2]/p[1]</arg>
<arg>${otsikko}</arg>
<doc>Verifies that element ``locator`` contains exact the text ``expected``.</doc>
<status status="PASS" start="2025-10-21T14:07:23.200266" elapsed="0.033192"/>
</kw>
<kw name="Close Browser" owner="SeleniumLibrary">
<doc>Closes the current browser.</doc>
<status status="PASS" start="2025-10-21T14:07:23.234075" elapsed="2.306134"/>
</kw>
<status status="PASS" start="2025-10-21T14:07:06.983302" elapsed="18.557523"/>
</test>
<status status="PASS" start="2025-10-21T14:07:06.188947" elapsed="19.353226"/>
</suite>
<statistics>
<total>
<stat pass="1" fail="0" skip="0">All Tests</stat>
</total>
<tag>
</tag>
<suite>
<stat name="Projekti" id="s1" pass="1" fail="0" skip="0">Projekti</stat>
</suite>
</statistics>
<errors>
</errors>
</robot>
